<?xml version="1.0" encoding="UTF-8"?>
<testsuite xmlns:xsi="http://www.w3.org/2001/XMLSchema-instance" xsi:noNamespaceSchemaLocation="https://maven.apache.org/surefire/maven-surefire-plugin/xsd/surefire-test-report.xsd" name="com.hayba.order.service.OrderApplicationServiceTest" time="8.027" tests="4" errors="1" skipped="0" failures="3">
  <properties>
[...]
</properties>
  <testcase name="testCreateOrderWithWrongTotalPrice" classname="com.hayba.order.service.OrderApplicationServiceTest" time="0.17">
    <failure message="Unexpected exception type thrown ==&gt; expected: &lt;com.hayba.order.service.domain.exception.OrderDomainException&gt; but was: &lt;java.lang.IllegalStateException&gt;" type="org.opentest4j.AssertionFailedError"><![CDATA[org.opentest4j.AssertionFailedError: Unexpected exception type thrown ==> expected: <com.hayba.order.service.domain.exception.OrderDomainException> but was: <java.lang.IllegalStateException>
	at com.hayba.order.service.OrderApplicationServiceTest.testCreateOrderWithWrongTotalPrice(OrderApplicationServiceTest.java:161)
Caused by: java.lang.IllegalStateException: Duplicate key com.hayba.order.service.domain.entity.Product@4d7352c6 (attempted merging values com.hayba.order.service.domain.entity.Product@4d7352c6 and com.hayba.order.service.domain.entity.Product@4d7352c6)
	at com.hayba.order.service.OrderApplicationServiceTest.lambda$testCreateOrderWithWrongTotalPrice$0(OrderApplicationServiceTest.java:162)
	at com.hayba.order.service.OrderApplicationServiceTest.testCreateOrderWithWrongTotalPrice(OrderApplicationServiceTest.java:161)
]]></failure>
    <system-out><![CDATA[21:41:08.042 [main] DEBUG org.springframework.test.context.BootstrapUtils - Instantiating CacheAwareContextLoaderDelegate from class [org.springframework.test.context.cache.DefaultCacheAwareContextLoaderDelegate]
21:41:08.054 [main] DEBUG org.springframework.test.context.BootstrapUtils - Instantiating BootstrapContext using constructor [public org.springframework.test.context.support.DefaultBootstrapContext(java.lang.Class,org.springframework.test.context.CacheAwareContextLoaderDelegate)]
21:41:08.089 [main] DEBUG org.springframework.test.context.BootstrapUtils - Instantiating TestContextBootstrapper for test class [com.hayba.order.service.OrderApplicationServiceTest] from class [org.springframework.boot.test.context.SpringBootTestContextBootstrapper]
21:41:08.105 [main] INFO org.springframework.boot.test.context.SpringBootTestContextBootstrapper - Neither @ContextConfiguration nor @ContextHierarchy found for test class [com.hayba.order.service.OrderApplicationServiceTest], using SpringBootContextLoader
21:41:08.109 [main] DEBUG org.springframework.test.context.support.AbstractContextLoader - Did not detect default resource location for test class [com.hayba.order.service.OrderApplicationServiceTest]: class path resource [com/hayba/order/service/OrderApplicationServiceTest-context.xml] does not exist
21:41:08.111 [main] DEBUG org.springframework.test.context.support.AbstractContextLoader - Did not detect default resource location for test class [com.hayba.order.service.OrderApplicationServiceTest]: class path resource [com/hayba/order/service/OrderApplicationServiceTestContext.groovy] does not exist
21:41:08.111 [main] INFO org.springframework.test.context.support.AbstractContextLoader - Could not detect default resource locations for test class [com.hayba.order.service.OrderApplicationServiceTest]: no resource found for suffixes {-context.xml, Context.groovy}.
21:41:08.184 [main] DEBUG org.springframework.test.context.support.ActiveProfilesUtils - Could not find an 'annotation declaring class' for annotation type [org.springframework.test.context.ActiveProfiles] and class [com.hayba.order.service.OrderApplicationServiceTest]
21:41:08.298 [main] DEBUG org.springframework.boot.test.context.SpringBootTestContextBootstrapper - @TestExecutionListeners is not present for class [com.hayba.order.service.OrderApplicationServiceTest]: using defaults.
21:41:08.299 [main] INFO org.springframework.boot.test.context.SpringBootTestContextBootstrapper - Loaded default TestExecutionListener class names from location [META-INF/spring.factories]: [org.springframework.boot.test.mock.mockito.MockitoTestExecutionListener, org.springframework.boot.test.mock.mockito.ResetMocksTestExecutionListener, org.springframework.boot.test.autoconfigure.restdocs.RestDocsTestExecutionListener, org.springframework.boot.test.autoconfigure.web.client.MockRestServiceServerResetTestExecutionListener, org.springframework.boot.test.autoconfigure.web.servlet.MockMvcPrintOnlyOnFailureTestExecutionListener, org.springframework.boot.test.autoconfigure.web.servlet.WebDriverTestExecutionListener, org.springframework.boot.test.autoconfigure.webservices.client.MockWebServiceServerTestExecutionListener, org.springframework.test.context.web.ServletTestExecutionListener, org.springframework.test.context.support.DirtiesContextBeforeModesTestExecutionListener, org.springframework.test.context.event.ApplicationEventsTestExecutionListener, org.springframework.test.context.support.DependencyInjectionTestExecutionListener, org.springframework.test.context.support.DirtiesContextTestExecutionListener, org.springframework.test.context.transaction.TransactionalTestExecutionListener, org.springframework.test.context.jdbc.SqlScriptsTestExecutionListener, org.springframework.test.context.event.EventPublishingTestExecutionListener]
21:41:08.305 [main] DEBUG org.springframework.boot.test.context.SpringBootTestContextBootstrapper - Skipping candidate TestExecutionListener [org.springframework.test.context.web.ServletTestExecutionListener] due to a missing dependency. Specify custom listener classes or make the default listener classes and their required dependencies available. Offending class: [javax/servlet/ServletContext]
21:41:08.311 [main] INFO org.springframework.boot.test.context.SpringBootTestContextBootstrapper - Using TestExecutionListeners: [org.springframework.test.context.support.DirtiesContextBeforeModesTestExecutionListener@35b74c5c, org.springframework.test.context.event.ApplicationEventsTestExecutionListener@2e570ded, org.springframework.boot.test.mock.mockito.MockitoTestExecutionListener@b86de0d, org.springframework.boot.test.autoconfigure.SpringBootDependencyInjectionTestExecutionListener@81d9a72, org.springframework.test.context.support.DirtiesContextTestExecutionListener@747f281, org.springframework.test.context.transaction.TransactionalTestExecutionListener@1169afe1, org.springframework.test.context.jdbc.SqlScriptsTestExecutionListener@2ca26d77, org.springframework.test.context.event.EventPublishingTestExecutionListener@4808bc9b, org.springframework.boot.test.mock.mockito.ResetMocksTestExecutionListener@70e38ce1, org.springframework.boot.test.autoconfigure.restdocs.RestDocsTestExecutionListener@2ca923bb, org.springframework.boot.test.autoconfigure.web.client.MockRestServiceServerResetTestExecutionListener@13df2a8c, org.springframework.boot.test.autoconfigure.web.servlet.MockMvcPrintOnlyOnFailureTestExecutionListener@1ebea008, org.springframework.boot.test.autoconfigure.web.servlet.WebDriverTestExecutionListener@72d6b3ba, org.springframework.boot.test.autoconfigure.webservices.client.MockWebServiceServerTestExecutionListener@1787f2a0]
21:41:08.316 [main] DEBUG org.springframework.test.context.support.DependencyInjectionTestExecutionListener - Performing dependency injection for test context [[DefaultTestContext@3b5fad2d testClass = OrderApplicationServiceTest, testInstance = com.hayba.order.service.OrderApplicationServiceTest@5e17553a, testMethod = [null], testException = [null], mergedContextConfiguration = [MergedContextConfiguration@3eb91815 testClass = OrderApplicationServiceTest, locations = '{}', classes = '{class com.hayba.order.service.OrderTestConfiguration}', contextInitializerClasses = '[]', activeProfiles = '{}', propertySourceLocations = '{}', propertySourceProperties = '{org.springframework.boot.test.context.SpringBootTestContextBootstrapper=true}', contextCustomizers = set[org.springframework.boot.test.context.filter.ExcludeFilterContextCustomizer@68e5eea7, org.springframework.boot.test.json.DuplicateJsonObjectContextCustomizerFactory$DuplicateJsonObjectContextCustomizer@762ef0ea, org.springframework.boot.test.mock.mockito.MockitoContextCustomizer@0, org.springframework.boot.test.web.client.TestRestTemplateContextCustomizer@2118cddf, org.springframework.boot.test.autoconfigure.actuate.metrics.MetricsExportContextCustomizerFactory$DisableMetricExportContextCustomizer@3f56875e, org.springframework.boot.test.autoconfigure.properties.PropertyMappingContextCustomizer@0, org.springframework.boot.test.autoconfigure.web.servlet.WebDriverContextCustomizerFactory$Customizer@236e3f4e, org.springframework.boot.test.context.SpringBootTestArgs@1, org.springframework.boot.test.context.SpringBootTestWebEnvironment@56ac3a89], contextLoader = 'org.springframework.boot.test.context.SpringBootContextLoader', parent = [null]], attributes = map['org.springframework.test.context.event.ApplicationEventsTestExecutionListener.recordApplicationEvents' -> false]]].

  .   ____          _            __ _ _
 /\\ / ___'_ __ _ _(_)_ __  __ _ \ \ \ \
( ( )\___ | '_ | '_| | '_ \/ _` | \ \ \ \
 \\/  ___)| |_)| | | | | || (_| |  ) ) ) )
  '  |____| .__|_| |_|_| |_\__, | / / / /
 =========|_|==============|___/=/_/_/_/
 :: Spring Boot ::                (v2.6.7)

2023-06-02 21:41:13.770  INFO 13856 --- [           main] c.h.o.s.OrderApplicationServiceTest      : Starting OrderApplicationServiceTest using Java 17.0.1 on Adeyemis-MacBook-Pro.local with PID 13856 (started by nestcoin in /Users/nestcoin/Documents/projects/food-ordering-system/order-service/order-domain/order-application-service)
2023-06-02 21:41:13.772  INFO 13856 --- [           main] c.h.o.s.OrderApplicationServiceTest      : No active profile set, falling back to 1 default profile: "default"
2023-06-02 21:41:15.604  INFO 13856 --- [           main] c.h.o.s.OrderApplicationServiceTest      : Started OrderApplicationServiceTest in 7.261 seconds (JVM running for 8.422)
]]></system-out>
  </testcase>
  <testcase name="testCreateOrder" classname="com.hayba.order.service.OrderApplicationServiceTest" time="0.01">
    <error message="Duplicate key com.hayba.order.service.domain.entity.Product@4d7352c6 (attempted merging values com.hayba.order.service.domain.entity.Product@4d7352c6 and com.hayba.order.service.domain.entity.Product@4d7352c6)" type="java.lang.IllegalStateException">java.lang.IllegalStateException: Duplicate key com.hayba.order.service.domain.entity.Product@4d7352c6 (attempted merging values com.hayba.order.service.domain.entity.Product@4d7352c6 and com.hayba.order.service.domain.entity.Product@4d7352c6)
	at com.hayba.order.service.OrderApplicationServiceTest.testCreateOrder(OrderApplicationServiceTest.java:153)
</error>
  </testcase>
  <testcase name="testCreateOrderWithWrongProductPrice" classname="com.hayba.order.service.OrderApplicationServiceTest" time="0.008">
    <failure message="Unexpected exception type thrown ==&gt; expected: &lt;com.hayba.order.service.domain.exception.OrderDomainException&gt; but was: &lt;java.lang.IllegalStateException&gt;" type="org.opentest4j.AssertionFailedError"><![CDATA[org.opentest4j.AssertionFailedError: Unexpected exception type thrown ==> expected: <com.hayba.order.service.domain.exception.OrderDomainException> but was: <java.lang.IllegalStateException>
	at com.hayba.order.service.OrderApplicationServiceTest.testCreateOrderWithWrongProductPrice(OrderApplicationServiceTest.java:168)
Caused by: java.lang.IllegalStateException: Duplicate key com.hayba.order.service.domain.entity.Product@4d7352c6 (attempted merging values com.hayba.order.service.domain.entity.Product@4d7352c6 and com.hayba.order.service.domain.entity.Product@4d7352c6)
	at com.hayba.order.service.OrderApplicationServiceTest.lambda$testCreateOrderWithWrongProductPrice$1(OrderApplicationServiceTest.java:169)
	at com.hayba.order.service.OrderApplicationServiceTest.testCreateOrderWithWrongProductPrice(OrderApplicationServiceTest.java:168)
]]></failure>
  </testcase>
  <testcase name="testCreateOrderWithPassiveRestaurant" classname="com.hayba.order.service.OrderApplicationServiceTest" time="0.014">
    <failure message="expected: &lt;Restaurant with id d215b5f8-0249-4dc5-89a3-51fd148cfb45 is currently not active!&gt; but was: &lt;Restaurant with id: d215b5f8-0249-4dc5-89a3-51fd148cfb45 is not currently active&gt;" type="org.opentest4j.AssertionFailedError"><![CDATA[org.opentest4j.AssertionFailedError: expected: <Restaurant with id d215b5f8-0249-4dc5-89a3-51fd148cfb45 is currently not active!> but was: <Restaurant with id: d215b5f8-0249-4dc5-89a3-51fd148cfb45 is not currently active>
	at com.hayba.order.service.OrderApplicationServiceTest.testCreateOrderWithPassiveRestaurant(OrderApplicationServiceTest.java:185)
]]></failure>
  </testcase>
</testsuite>