<?xml version="1.0" encoding="UTF-8"?>
<testsuite xmlns:xsi="http://www.w3.org/2001/XMLSchema-instance" xsi:noNamespaceSchemaLocation="https://maven.apache.org/surefire/maven-surefire-plugin/xsd/surefire-test-report.xsd" name="com.hayba.order.service.OrderApplicationServiceTest" time="8.153" tests="4" errors="0" skipped="0" failures="0">
  <properties>
[...]
</properties>
  <testcase name="testCreateOrderWithWrongTotalPrice" classname="com.hayba.order.service.OrderApplicationServiceTest" time="0.153"/>
  <testcase name="testCreateOrder" classname="com.hayba.order.service.OrderApplicationServiceTest" time="0.014"/>
  <testcase name="testCreateOrderWithWrongProductPrice" classname="com.hayba.order.service.OrderApplicationServiceTest" time="0.013"/>
  <testcase name="testCreateOrderWithPassiveRestaurant" classname="com.hayba.order.service.OrderApplicationServiceTest" time="0.013"/>
</testsuite>